[Mon Jun 28 20:18:01 +0000 2021] | RT @CoinbaseNews: Guten Tag, Deutschland! 👋 🇩🇪

We’re excited to announce that Coinbase has secured the first crypto licence in Germany! St…
[Thu Jun 24 22:35:06 +0000 2021] | QNT is now live on Coinbase and in the Coinbase iOS and Android apps. Coinbase customers can log in now to buy, sell, convert, send, receive or store QNT.
[Thu Jun 24 21:06:15 +0000 2021] | BOND and LPT are now live on Coinbase and in the Coinbase iOS and Android apps. Coinbase customers can log in now to buy, sell, convert, send, receive or store BOND and LPT.
[Thu Jun 17 21:48:59 +0000 2021] | SOL, CHZ &amp; KEEP are now live on Coinbase and in the Coinbase iOS and Android apps. Coinbase customers can log in now to buy, sell, convert, send, receive or store SOL, CHZ &amp; KEEP.
[Wed Jun 16 20:03:57 +0000 2021] | DOT is now live on Coinbase and in the Coinbase iOS and Android apps. Coinbase customers can log in now to buy, sell, convert, send, receive or store DOT.
[Thu Jun 10 20:05:38 +0000 2021] | GTC, MLN and AMP are now live on Coinbase and in the Coinbase iOS and Android apps. Coinbase customers can log in now to buy, sell, convert, send, receive or store GTC, MLN and AMP.
[Thu Jun 10 01:18:11 +0000 2021] | RT @CoinbaseNews: Posting this again in light of recent discussions sensationalizing crypto's role in the #ClimateCrisis. It's not that sim…
[Wed Jun 09 18:25:51 +0000 2021] | Pro Tip 2: Use 2FA
Where available, use two-factor authentication (2FA). Use the strongest type of 2FA the platform allows, ideally a Yubikey. If a service provider doesn’t allow Yubikey, use an authentication app like Google Authenticator instead of SMS-based 2FA.
[Wed Jun 09 18:25:11 +0000 2021] | Pro Tip 1: Use strong passwords
Your passwords should be at least 16 characters, extremely complex and unique for your accounts. That’s hard to do by yourself, but password managers like 1Password can help.
[Tue Jun 01 20:03:41 +0000 2021] | Honored to be working with @IFFunic / @MScDigital on this ...
[Thu May 20 19:05:55 +0000 2021] | Check it out ...
[Thu May 20 17:36:13 +0000 2021] | RT @surojit: Yesterday was a crazy day! We experienced unprecedented surge in trading volumes. My sincere personal apologies to every custo…
[Tue May 18 23:58:56 +0000 2021] | RT @CoinbaseNews: We are a remote-first company. We're not limited to one or two cities or even countries. The early internet talent was co…
[Thu May 13 20:38:01 +0000 2021] | RT @CoinbaseNews: Coinbase Global, Inc. announced today the release of its first quarter 2021 shareholder letter. The letter, including the…
[Wed May 12 23:09:49 +0000 2021] | RT @CoinbaseNews: From @Sothebys to @AdvertisingWeek, Coinbase is powering commerce, check out the latest updates we’ve made to enable stre…
[Tue May 11 16:12:18 +0000 2021] | RT @CRC_Crypto: The CRC is committed to creating practical tools to help crypto businesses comply with U.S. securities laws, and today we a…
[Wed May 05 21:17:44 +0000 2021] | We believe that trust is built through transparency and honesty. Today we're releasing our second Transparency Report that shares insights into how we handle legitimate government requests for some customer data.
[Tue May 04 12:29:33 +0000 2021] | RT @CoinbaseNews: In another step bringing the utility of cryptocurrency mainstream, @Sothebys announced their collaboration with Coinbase…
[Wed Apr 28 20:21:59 +0000 2021] | RT @varsitytutors: From the barter system to gold coins to dollar bills and now crypto, currency is ever-evolving. On April 29, @coinbase w…
[Thu Apr 22 15:41:32 +0000 2021] | Don’t miss out — this sweepstakes ends tonight at 11:59pm Pacific Time.
[Tue Apr 20 19:18:48 +0000 2021] | There’s still time — sign up before April 22 for a chance to win $500K in bitcoin.
[Fri Apr 16 21:06:18 +0000 2021] | ICYMI, we’re giving away $1.5M in bitcoin to celebrate $COIN 👇
[Wed Apr 14 13:48:35 +0000 2021] | RT @Nasdaq: 🪙 @Coinbase is dedicated to building a more fair, accessible, efficient, and transparent financial system enabled by crypto.

T…
[Thu Apr 08 20:32:47 +0000 2021] | Coinbase has joined the @defialliance, an open association supporting DeFi startups. We look forward to working together to grow the cryptoeconomy.
