[Mon Jun 28 20:25:03 +0000 2021] | Thanks for all the happy birthday wishes!
[Fri Jun 25 22:58:58 +0000 2021] | All 72 orbital planes activate in August, plus many other improvements, enabling global coverage, except for polar regions, which will take another 6 months
[Fri Jun 25 22:51:28 +0000 2021] | Starlink simultaneously active users just exceeded the strategically important threshold of 69,420 last night!
[Fri Jun 25 11:03:04 +0000 2021] | My Shiba Inu will be named Floki
[Fri Jun 25 02:11:52 +0000 2021] | “That’s not funny!” – Bitcoin maxis
[Fri Jun 25 02:10:31 +0000 2021] | How many Bitcoin maxis does it take to screw in a lightbulb?
[Thu Jun 24 01:10:10 +0000 2021] | Shout out to the awesome Tesla global team. Thanks for working so hard to make Tesla successful!
[Tue Jun 22 01:08:38 +0000 2021] | RT @teslacn: 5000 kms with 27 Supercharger Stations👉Tesla opens the longest Supercharger route from east to west in China⚡️#TheSilkRoute @T…
[Mon Jun 21 18:59:34 +0000 2021] | Looking at holding Tesla AI Day in about a month or so. Will go over progress with Tesla AI software &amp; hardware, both training &amp; inference. Purpose is recruiting.
[Mon Jun 21 18:52:34 +0000 2021] | RT @SpaceX: Falcon 9's first stage returns to Earth and lands on the Just Read the Instructions droneship after launch of GPS III-5 https:/…
[Sun Jun 20 20:19:20 +0000 2021] | Happy Father’s Day!
[Thu Jun 17 18:47:05 +0000 2021] | Real pic of 2 ships next to Starbase Tiki Bar on right
[Thu Jun 17 18:09:39 +0000 2021] | RT @SpaceX: Falcon 9’s first stage has landed on the Just Read the Instructions droneship, completing this booster’s second GPS III flight…
[Thu Jun 17 18:06:02 +0000 2021] | RT @MotorTrend: We head to Auto Club Famoso Raceway to test out how long it takes the 2022 @Tesla Model S Plaid to go from 0 to 60 mph. Tes…
[Wed Jun 16 22:37:20 +0000 2021] | Let’s just skip original video games &amp; movies &amp; go straight to the sequel
[Mon Jun 14 08:22:48 +0000 2021] | K is Kindred
[Mon Jun 14 08:21:46 +0000 2021] | Could turn out to be one big Philip K Dick joke in the end
[Mon Jun 14 08:13:50 +0000 2021] | Pluto takes 248 years to orbit the sun, but Uranus only takes 84
[Fri Jun 11 04:47:43 +0000 2021] | Most amount of fun on 4 wheels!
Pure joy on tap whenever u want.
[Sun Jun 06 20:48:20 +0000 2021] | 0 to 60mph in under 2 secs. Quickest production car ever made of any kind. Has to be felt to be believed.
[Sun Jun 06 20:46:19 +0000 2021] | Plaid+ is canceled. No need, as Plaid is just so good.
[Sun Jun 06 20:45:13 +0000 2021] | Model S goes to Plaid speed this week
[Sun Jun 06 08:36:37 +0000 2021] | I guess we read the instructions haha
[Sun Jun 06 00:57:20 +0000 2021] | RT @NASA: Contact and capture are confirmed at 5:09am ET. @SpaceX's cargo Dragon has arrived at the @Space_Station, delivering over 7,300 p…
[Sat Jun 05 21:18:43 +0000 2021] | Don’t kill what you hate,
Save what you love
[Sat Jun 05 18:55:49 +0000 2021] | Goods &amp; services are the real economy, any form of money is simply the accounting thereof
[Sat Jun 05 08:39:49 +0000 2021] | 💦🚀 –&gt; 🌙
[Fri Jun 04 03:25:26 +0000 2021] | Canada
USA
Mexico
